Change Component Designator: OldDesignator=C1 NewDesignator=C3
Change Component Designator: OldDesignator=C2 NewDesignator=C4
Change Component Designator: OldDesignator=C3 NewDesignator=C5
Change Component Designator: OldDesignator=C4 NewDesignator=C6
Change Component Designator: OldDesignator=C5 NewDesignator=C7
Change Component Designator: OldDesignator=C6 NewDesignator=C10
Change Component Designator: OldDesignator=C7 NewDesignator=C11
Change Component Designator: OldDesignator=C8 NewDesignator=C12
Change Component Designator: OldDesignator=C9 NewDesignator=C13
Change Component Designator: OldDesignator=C10 NewDesignator=C14
Change Component Designator: OldDesignator=C11 NewDesignator=C19
Change Component Designator: OldDesignator=C12 NewDesignator=C20
Change Component Designator: OldDesignator=C13 NewDesignator=C21
Change Component Designator: OldDesignator=C14 NewDesignator=C22
Change Component Designator: OldDesignator=C15 NewDesignator=C23
Change Component Designator: OldDesignator=C16 NewDesignator=C25
Change Component Designator: OldDesignator=C17 NewDesignator=C26
Change Component Designator: OldDesignator=C18 NewDesignator=C27
Change Component Designator: OldDesignator=C19 NewDesignator=C28
Change Component Designator: OldDesignator=C20 NewDesignator=C29
Change Component Designator: OldDesignator=C21 NewDesignator=C36
Change Component Designator: OldDesignator=C22 NewDesignator=C37
Change Component Designator: OldDesignator=C23 NewDesignator=C38
Change Component Designator: OldDesignator=C24 NewDesignator=C39
Change Component Designator: OldDesignator=C25 NewDesignator=C40
Change Component Designator: OldDesignator=C26 NewDesignator=C43
Change Component Designator: OldDesignator=C27 NewDesignator=C44
Change Component Designator: OldDesignator=C28 NewDesignator=C45
Change Component Designator: OldDesignator=C29 NewDesignator=C46
Change Component Designator: OldDesignator=C30 NewDesignator=C47
Change Component Designator: OldDesignator=C31 NewDesignator=C1
Change Component Designator: OldDesignator=C32 NewDesignator=C2
Change Component Designator: OldDesignator=C33 NewDesignator=C8
Change Component Designator: OldDesignator=C34 NewDesignator=C9
Change Component Designator: OldDesignator=C35 NewDesignator=C15
Change Component Designator: OldDesignator=C36 NewDesignator=C16
Change Component Designator: OldDesignator=C37 NewDesignator=C17
Change Component Designator: OldDesignator=C38 NewDesignator=C18
Change Component Designator: OldDesignator=C39 NewDesignator=C24
Change Component Designator: OldDesignator=C40 NewDesignator=C30
Change Component Designator: OldDesignator=C41 NewDesignator=C31
Change Component Designator: OldDesignator=C42 NewDesignator=C32
Change Component Designator: OldDesignator=C43 NewDesignator=C33
Change Component Designator: OldDesignator=C44 NewDesignator=C34
Change Component Designator: OldDesignator=C45 NewDesignator=C35
Change Component Designator: OldDesignator=C46 NewDesignator=C41
Change Component Designator: OldDesignator=C47 NewDesignator=C42
Change Component Designator: OldDesignator=R20 NewDesignator=R22
Change Component Designator: OldDesignator=R21 NewDesignator=R23
Change Component Designator: OldDesignator=R22 NewDesignator=R24
Change Component Designator: OldDesignator=R23 NewDesignator=R25
Change Component Designator: OldDesignator=R24 NewDesignator=R26
Change Component Designator: OldDesignator=R25 NewDesignator=R27
Change Component Designator: OldDesignator=R26 NewDesignator=R29
Change Component Designator: OldDesignator=R27 NewDesignator=R20
Change Component Designator: OldDesignator=R28 NewDesignator=R32
Change Component Designator: OldDesignator=R29 NewDesignator=R35
Change Component Designator: OldDesignator=R30 NewDesignator=R36
Change Component Designator: OldDesignator=R31 NewDesignator=R37
Change Component Designator: OldDesignator=R32 NewDesignator=R38
Change Component Designator: OldDesignator=R33 NewDesignator=R39
Change Component Designator: OldDesignator=R34 NewDesignator=R40
Change Component Designator: OldDesignator=R35 NewDesignator=R42
Change Component Designator: OldDesignator=R36 NewDesignator=R43
Change Component Designator: OldDesignator=R37 NewDesignator=R44
Change Component Designator: OldDesignator=R38 NewDesignator=R45
Change Component Designator: OldDesignator=R39 NewDesignator=R46
Change Component Designator: OldDesignator=R40 NewDesignator=R49
Change Component Designator: OldDesignator=R41 NewDesignator=R21
Change Component Designator: OldDesignator=R42 NewDesignator=R51
Change Component Designator: OldDesignator=R43 NewDesignator=R28
Change Component Designator: OldDesignator=R44 NewDesignator=R30
Change Component Designator: OldDesignator=R45 NewDesignator=R31
Change Component Designator: OldDesignator=R46 NewDesignator=R33
Change Component Designator: OldDesignator=R47 NewDesignator=R34
Change Component Designator: OldDesignator=R48 NewDesignator=R41
Change Component Designator: OldDesignator=R49 NewDesignator=R47
Change Component Designator: OldDesignator=R50 NewDesignator=R48
Change Component Designator: OldDesignator=R51 NewDesignator=R50
Added Component: Designator=J1(7466103)
Add component (AddParameter): Name = "ComponentLink1Description"; Value = "New link"; VariantName = "[No Variations]"
Add component (AddParameter): Name = "ComponentLink1URL"; Value = "https://www.mouser.com.tr/ProductDetail/Wurth-Elektronik/7466103?qs=IfoubJuuTRbG1djUcU3ZdQ%3D%3D"; VariantName = "[No Variations]"
Add component (AddParameter): Name = "Current"; Value = "50A"; VariantName = "[No Variations]"
Added Component: Designator=J2(7466103)
Add component (AddParameter): Name = "ComponentLink1Description"; Value = "New link"; VariantName = "[No Variations]"
Add component (AddParameter): Name = "ComponentLink1URL"; Value = "https://www.mouser.com.tr/ProductDetail/Wurth-Elektronik/7466103?qs=IfoubJuuTRbG1djUcU3ZdQ%3D%3D"; VariantName = "[No Variations]"
Add component (AddParameter): Name = "Current"; Value = "50A"; VariantName = "[No Variations]"
Added Component: Designator=J3(7466103)
Add component (AddParameter): Name = "ComponentLink1Description"; Value = "New link"; VariantName = "[No Variations]"
Add component (AddParameter): Name = "ComponentLink1URL"; Value = "https://www.mouser.com.tr/ProductDetail/Wurth-Elektronik/7466103?qs=IfoubJuuTRbG1djUcU3ZdQ%3D%3D"; VariantName = "[No Variations]"
Add component (AddParameter): Name = "Current"; Value = "50A"; VariantName = "[No Variations]"
Added Component: Designator=J4(7466103)
Add component (AddParameter): Name = "ComponentLink1Description"; Value = "New link"; VariantName = "[No Variations]"
Add component (AddParameter): Name = "ComponentLink1URL"; Value = "https://www.mouser.com.tr/ProductDetail/Wurth-Elektronik/7466103?qs=IfoubJuuTRbG1djUcU3ZdQ%3D%3D"; VariantName = "[No Variations]"
Add component (AddParameter): Name = "Current"; Value = "50A"; VariantName = "[No Variations]"
Added Component: Designator=J5(7466103)
Add component (AddParameter): Name = "ComponentLink1Description"; Value = "New link"; VariantName = "[No Variations]"
Add component (AddParameter): Name = "ComponentLink1URL"; Value = "https://www.mouser.com.tr/ProductDetail/Wurth-Elektronik/7466103?qs=IfoubJuuTRbG1djUcU3ZdQ%3D%3D"; VariantName = "[No Variations]"
Add component (AddParameter): Name = "Current"; Value = "50A"; VariantName = "[No Variations]"
Added Component: Designator=J6(7466103)
Add component (AddParameter): Name = "ComponentLink1Description"; Value = "New link"; VariantName = "[No Variations]"
Add component (AddParameter): Name = "ComponentLink1URL"; Value = "https://www.mouser.com.tr/ProductDetail/Wurth-Elektronik/7466103?qs=IfoubJuuTRbG1djUcU3ZdQ%3D%3D"; VariantName = "[No Variations]"
Add component (AddParameter): Name = "Current"; Value = "50A"; VariantName = "[No Variations]"
Added Component: Designator=J7(7466103)
Add component (AddParameter): Name = "ComponentLink1Description"; Value = "New link"; VariantName = "[No Variations]"
Add component (AddParameter): Name = "ComponentLink1URL"; Value = "https://www.mouser.com.tr/ProductDetail/Wurth-Elektronik/7466103?qs=IfoubJuuTRbG1djUcU3ZdQ%3D%3D"; VariantName = "[No Variations]"
Add component (AddParameter): Name = "Current"; Value = "50A"; VariantName = "[No Variations]"
Added Component: Designator=J8(7466103)
Add component (AddParameter): Name = "ComponentLink1Description"; Value = "New link"; VariantName = "[No Variations]"
Add component (AddParameter): Name = "ComponentLink1URL"; Value = "https://www.mouser.com.tr/ProductDetail/Wurth-Elektronik/7466103?qs=IfoubJuuTRbG1djUcU3ZdQ%3D%3D"; VariantName = "[No Variations]"
Add component (AddParameter): Name = "Current"; Value = "50A"; VariantName = "[No Variations]"
Added Component: Designator=J9(74651195R)
Add component (AddParameter): Name = "ComponentLink1Description"; Value = "New link"; VariantName = "[No Variations]"
Add component (AddParameter): Name = "ComponentLink1URL"; Value = "https://www.mouser.com.tr/ProductDetail/Wurth-Elektronik/74651195R?qs=lBTPRtX1sU%252BvmxiYHcgAuw%3D%3D"; VariantName = "[No Variations]"
Added Component: Designator=J10(74651195R)
Add component (AddParameter): Name = "ComponentLink1Description"; Value = "New link"; VariantName = "[No Variations]"
Add component (AddParameter): Name = "ComponentLink1URL"; Value = "https://www.mouser.com.tr/ProductDetail/Wurth-Elektronik/74651195R?qs=lBTPRtX1sU%252BvmxiYHcgAuw%3D%3D"; VariantName = "[No Variations]"
Added Component: Designator=J11(74651195R)
Add component (AddParameter): Name = "ComponentLink1Description"; Value = "New link"; VariantName = "[No Variations]"
Add component (AddParameter): Name = "ComponentLink1URL"; Value = "https://www.mouser.com.tr/ProductDetail/Wurth-Elektronik/74651195R?qs=lBTPRtX1sU%252BvmxiYHcgAuw%3D%3D"; VariantName = "[No Variations]"
Added Component: Designator=J12(74651195R)
Add component (AddParameter): Name = "ComponentLink1Description"; Value = "New link"; VariantName = "[No Variations]"
Add component (AddParameter): Name = "ComponentLink1URL"; Value = "https://www.mouser.com.tr/ProductDetail/Wurth-Elektronik/74651195R?qs=lBTPRtX1sU%252BvmxiYHcgAuw%3D%3D"; VariantName = "[No Variations]"
Added Component: Designator=J13(74651195R)
Add component (AddParameter): Name = "ComponentLink1Description"; Value = "New link"; VariantName = "[No Variations]"
Add component (AddParameter): Name = "ComponentLink1URL"; Value = "https://www.mouser.com.tr/ProductDetail/Wurth-Elektronik/74651195R?qs=lBTPRtX1sU%252BvmxiYHcgAuw%3D%3D"; VariantName = "[No Variations]"
Added Component: Designator=J14(74651195R)
Add component (AddParameter): Name = "ComponentLink1Description"; Value = "New link"; VariantName = "[No Variations]"
Add component (AddParameter): Name = "ComponentLink1URL"; Value = "https://www.mouser.com.tr/ProductDetail/Wurth-Elektronik/74651195R?qs=lBTPRtX1sU%252BvmxiYHcgAuw%3D%3D"; VariantName = "[No Variations]"
Added Pin To Net: NetName=VIN Pin=J1-1
Added Pin To Net: NetName=VIN Pin=J1-1
Added Pin To Net: NetName=VIN Pin=J1-1
Added Pin To Net: NetName=VIN Pin=J1-1
Added Pin To Net: NetName=VIN Pin=J1-1
Added Pin To Net: NetName=VIN Pin=J1-1
Added Pin To Net: NetName=VIN Pin=J1-1
Added Pin To Net: NetName=VIN Pin=J2-1
Added Pin To Net: NetName=VIN Pin=J2-1
Added Pin To Net: NetName=VIN Pin=J2-1
Added Pin To Net: NetName=VIN Pin=J2-1
Added Pin To Net: NetName=VIN Pin=J2-1
Added Pin To Net: NetName=VIN Pin=J2-1
Added Pin To Net: NetName=VIN Pin=J2-1
Added Pin To Net: NetName=VIN Pin=J3-1
Added Pin To Net: NetName=VIN Pin=J3-1
Added Pin To Net: NetName=VIN Pin=J3-1
Added Pin To Net: NetName=VIN Pin=J3-1
Added Pin To Net: NetName=VIN Pin=J3-1
Added Pin To Net: NetName=VIN Pin=J3-1
Added Pin To Net: NetName=VIN Pin=J3-1
Added Pin To Net: NetName=VIN Pin=J4-1
Added Pin To Net: NetName=VIN Pin=J4-1
Added Pin To Net: NetName=VIN Pin=J4-1
Added Pin To Net: NetName=VIN Pin=J4-1
Added Pin To Net: NetName=VIN Pin=J4-1
Added Pin To Net: NetName=VIN Pin=J4-1
Added Pin To Net: NetName=VIN Pin=J4-1
Added Pin To Net: NetName=GND Pin=J5-1
Added Pin To Net: NetName=GND Pin=J5-1
Added Pin To Net: NetName=GND Pin=J5-1
Added Pin To Net: NetName=GND Pin=J5-1
Added Pin To Net: NetName=GND Pin=J5-1
Added Pin To Net: NetName=GND Pin=J5-1
Added Pin To Net: NetName=GND Pin=J5-1
Added Pin To Net: NetName=GND Pin=J6-1
Added Pin To Net: NetName=GND Pin=J6-1
Added Pin To Net: NetName=GND Pin=J6-1
Added Pin To Net: NetName=GND Pin=J6-1
Added Pin To Net: NetName=GND Pin=J6-1
Added Pin To Net: NetName=GND Pin=J6-1
Added Pin To Net: NetName=GND Pin=J6-1
Added Pin To Net: NetName=GND Pin=J7-1
Added Pin To Net: NetName=GND Pin=J7-1
Added Pin To Net: NetName=GND Pin=J7-1
Added Pin To Net: NetName=GND Pin=J7-1
Added Pin To Net: NetName=GND Pin=J7-1
Added Pin To Net: NetName=GND Pin=J7-1
Added Pin To Net: NetName=GND Pin=J7-1
Added Pin To Net: NetName=GND Pin=J8-1
Added Pin To Net: NetName=GND Pin=J8-1
Added Pin To Net: NetName=GND Pin=J8-1
Added Pin To Net: NetName=GND Pin=J8-1
Added Pin To Net: NetName=GND Pin=J8-1
Added Pin To Net: NetName=GND Pin=J8-1
Added Pin To Net: NetName=GND Pin=J8-1
Added Pin To Net: NetName=PHASE_A Pin=J9-1
Added Pin To Net: NetName=PHASE_A Pin=J9-2
Added Pin To Net: NetName=PHASE_A Pin=J9-3
Added Pin To Net: NetName=PHASE_A Pin=J9-4
Added Pin To Net: NetName=PHASE_A Pin=J9-5
Added Pin To Net: NetName=PHASE_A Pin=J9-6
Added Pin To Net: NetName=PHASE_A Pin=J9-7
Added Pin To Net: NetName=PHASE_A Pin=J9-8
Added Pin To Net: NetName=PHASE_A Pin=J9-9
Added Pin To Net: NetName=PHASE_A Pin=J10-1
Added Pin To Net: NetName=PHASE_A Pin=J10-2
Added Pin To Net: NetName=PHASE_A Pin=J10-3
Added Pin To Net: NetName=PHASE_A Pin=J10-4
Added Pin To Net: NetName=PHASE_A Pin=J10-5
Added Pin To Net: NetName=PHASE_A Pin=J10-6
Added Pin To Net: NetName=PHASE_A Pin=J10-7
Added Pin To Net: NetName=PHASE_A Pin=J10-8
Added Pin To Net: NetName=PHASE_A Pin=J10-9
Added Pin To Net: NetName=PHASE_B Pin=J11-1
Added Pin To Net: NetName=PHASE_B Pin=J11-2
Added Pin To Net: NetName=PHASE_B Pin=J11-3
Added Pin To Net: NetName=PHASE_B Pin=J11-4
Added Pin To Net: NetName=PHASE_B Pin=J11-5
Added Pin To Net: NetName=PHASE_B Pin=J11-6
Added Pin To Net: NetName=PHASE_B Pin=J11-7
Added Pin To Net: NetName=PHASE_B Pin=J11-8
Added Pin To Net: NetName=PHASE_B Pin=J11-9
Added Pin To Net: NetName=PHASE_B Pin=J12-1
Added Pin To Net: NetName=PHASE_B Pin=J12-2
Added Pin To Net: NetName=PHASE_B Pin=J12-3
Added Pin To Net: NetName=PHASE_B Pin=J12-4
Added Pin To Net: NetName=PHASE_B Pin=J12-5
Added Pin To Net: NetName=PHASE_B Pin=J12-6
Added Pin To Net: NetName=PHASE_B Pin=J12-7
Added Pin To Net: NetName=PHASE_B Pin=J12-8
Added Pin To Net: NetName=PHASE_B Pin=J12-9
Added Pin To Net: NetName=PHASE_C Pin=J13-1
Added Pin To Net: NetName=PHASE_C Pin=J13-2
Added Pin To Net: NetName=PHASE_C Pin=J13-3
Added Pin To Net: NetName=PHASE_C Pin=J13-4
Added Pin To Net: NetName=PHASE_C Pin=J13-5
Added Pin To Net: NetName=PHASE_C Pin=J13-6
Added Pin To Net: NetName=PHASE_C Pin=J13-7
Added Pin To Net: NetName=PHASE_C Pin=J13-8
Added Pin To Net: NetName=PHASE_C Pin=J13-9
Added Pin To Net: NetName=PHASE_C Pin=J14-1
Added Pin To Net: NetName=PHASE_C Pin=J14-2
Added Pin To Net: NetName=PHASE_C Pin=J14-3
Added Pin To Net: NetName=PHASE_C Pin=J14-4
Added Pin To Net: NetName=PHASE_C Pin=J14-5
Added Pin To Net: NetName=PHASE_C Pin=J14-6
Added Pin To Net: NetName=PHASE_C Pin=J14-7
Added Pin To Net: NetName=PHASE_C Pin=J14-8
Added Pin To Net: NetName=PHASE_C Pin=J14-9
Change Net Name : Old Net Name=NetC1_1 New Net Name=NetC3_1
Change Net Name : Old Net Name=NetC2_1 New Net Name=NetC4_1
Change Net Name : Old Net Name=NetC3_1 New Net Name=NetC5_1
Change Net Name : Old Net Name=NetC4_1 New Net Name=NetC6_1
Change Net Name : Old Net Name=NetC5_1 New Net Name=NetC7_1
Change Net Name : Old Net Name=NetC6_1 New Net Name=NetC10_1
Change Net Name : Old Net Name=NetC6_2 New Net Name=NetC10_2
Change Net Name : Old Net Name=NetC7_1 New Net Name=NetC11_1
Change Net Name : Old Net Name=NetC8_1 New Net Name=NetC12_1
Change Net Name : Old Net Name=NetC9_1 New Net Name=NetC13_1
Change Net Name : Old Net Name=NetC10_1 New Net Name=NetC14_1
Change Net Name : Old Net Name=NetC11_1 New Net Name=NetC19_1
Change Net Name : Old Net Name=NetC12_1 New Net Name=NetC20_1
Change Net Name : Old Net Name=NetC13_1 New Net Name=NetC21_1
Change Net Name : Old Net Name=NetC14_1 New Net Name=NetC22_1
Change Net Name : Old Net Name=NetC15_1 New Net Name=NetC23_1
Change Net Name : Old Net Name=NetC16_1 New Net Name=NetC25_1
Change Net Name : Old Net Name=NetC16_2 New Net Name=NetC25_2
Change Net Name : Old Net Name=NetC17_1 New Net Name=NetC26_1
Change Net Name : Old Net Name=NetC18_1 New Net Name=NetC27_1
Change Net Name : Old Net Name=NetC19_1 New Net Name=NetC28_1
Change Net Name : Old Net Name=NetC20_1 New Net Name=NetC29_1
Change Net Name : Old Net Name=NetC21_1 New Net Name=NetC36_1
Change Net Name : Old Net Name=NetC22_1 New Net Name=NetC37_1
Change Net Name : Old Net Name=NetC23_1 New Net Name=NetC38_1
Change Net Name : Old Net Name=NetC24_1 New Net Name=NetC39_1
Change Net Name : Old Net Name=NetC25_1 New Net Name=NetC40_1
Change Net Name : Old Net Name=NetC26_1 New Net Name=NetC43_1
Change Net Name : Old Net Name=NetC26_2 New Net Name=NetC43_2
Change Net Name : Old Net Name=NetC27_1 New Net Name=NetC44_1
Change Net Name : Old Net Name=NetC28_1 New Net Name=NetC45_1
Change Net Name : Old Net Name=NetC29_1 New Net Name=NetC46_1
Change Net Name : Old Net Name=NetC30_1 New Net Name=NetC47_1
Change Net Name : Old Net Name=NetR27_1 New Net Name=NetR20_1
Change Net Name : Old Net Name=NetR41_2 New Net Name=NetR21_2
Change Net Name : Old Net Name=NetR43_1 New Net Name=NetR28_1
Change Net Name : Old Net Name=NetR44_2 New Net Name=NetR30_2
Change Net Name : Old Net Name=NetR46_1 New Net Name=NetR33_1
Change Net Name : Old Net Name=NetR47_2 New Net Name=NetR34_2
Change Net Name : Old Net Name=NetR48_1 New Net Name=NetR41_1
Change Net Name : Old Net Name=NetR49_1 New Net Name=NetR47_1
Added Member To Class: ClassName=Mosfets Member=Component J1 7466103
Added Member To Class: ClassName=Mosfets Member=Component J2 7466103
Added Member To Class: ClassName=Mosfets Member=Component J3 7466103
Added Member To Class: ClassName=Mosfets Member=Component J4 7466103
Added Member To Class: ClassName=Mosfets Member=Component J5 7466103
Added Member To Class: ClassName=Mosfets Member=Component J6 7466103
Added Member To Class: ClassName=Mosfets Member=Component J7 7466103
Added Member To Class: ClassName=Mosfets Member=Component J8 7466103
Added Member To Class: ClassName=Mosfets Member=Component J9 74651195R
Added Member To Class: ClassName=Mosfets Member=Component J10 74651195R
Added Member To Class: ClassName=Mosfets Member=Component J11 74651195R
Added Member To Class: ClassName=Mosfets Member=Component J12 74651195R
Added Member To Class: ClassName=Mosfets Member=Component J13 74651195R
Added Member To Class: ClassName=Mosfets Member=Component J14 74651195R
