Removed Pin From Net: NetName=VIN Pin=J1-1
Removed Pin From Net: NetName=VIN Pin=J1-1
Removed Pin From Net: NetName=VIN Pin=J1-1
Removed Pin From Net: NetName=VIN Pin=J1-1
Removed Pin From Net: NetName=VIN Pin=J1-1
Removed Pin From Net: NetName=VIN Pin=J1-1
Removed Pin From Net: NetName=VIN Pin=J1-1
Removed Pin From Net: NetName=VIN Pin=J2-1
Removed Pin From Net: NetName=VIN Pin=J2-1
Removed Pin From Net: NetName=VIN Pin=J2-1
Removed Pin From Net: NetName=VIN Pin=J2-1
Removed Pin From Net: NetName=VIN Pin=J2-1
Removed Pin From Net: NetName=VIN Pin=J2-1
Removed Pin From Net: NetName=VIN Pin=J2-1
Removed Pin From Net: NetName=VIN Pin=J3-1
Removed Pin From Net: NetName=VIN Pin=J3-1
Removed Pin From Net: NetName=VIN Pin=J3-1
Removed Pin From Net: NetName=VIN Pin=J3-1
Removed Pin From Net: NetName=VIN Pin=J3-1
Removed Pin From Net: NetName=VIN Pin=J3-1
Removed Pin From Net: NetName=VIN Pin=J3-1
Removed Pin From Net: NetName=VIN Pin=J4-1
Removed Pin From Net: NetName=VIN Pin=J4-1
Removed Pin From Net: NetName=VIN Pin=J4-1
Removed Pin From Net: NetName=VIN Pin=J4-1
Removed Pin From Net: NetName=VIN Pin=J4-1
Removed Pin From Net: NetName=VIN Pin=J4-1
Removed Pin From Net: NetName=VIN Pin=J4-1
Removed Pin From Net: NetName=VIN Pin=J5-1
Removed Pin From Net: NetName=VIN Pin=J5-1
Removed Pin From Net: NetName=VIN Pin=J5-1
Removed Pin From Net: NetName=VIN Pin=J5-1
Removed Pin From Net: NetName=VIN Pin=J5-1
Removed Pin From Net: NetName=VIN Pin=J5-1
Removed Pin From Net: NetName=VIN Pin=J5-1
Removed Pin From Net: NetName=VIN Pin=J6-1
Removed Pin From Net: NetName=VIN Pin=J6-1
Removed Pin From Net: NetName=VIN Pin=J6-1
Removed Pin From Net: NetName=VIN Pin=J6-1
Removed Pin From Net: NetName=VIN Pin=J6-1
Removed Pin From Net: NetName=VIN Pin=J6-1
Removed Pin From Net: NetName=VIN Pin=J6-1
Removed Pin From Net: NetName=GND Pin=J7-1
Removed Pin From Net: NetName=GND Pin=J7-1
Removed Pin From Net: NetName=GND Pin=J7-1
Removed Pin From Net: NetName=GND Pin=J7-1
Removed Pin From Net: NetName=GND Pin=J7-1
Removed Pin From Net: NetName=GND Pin=J7-1
Removed Pin From Net: NetName=GND Pin=J7-1
Removed Pin From Net: NetName=GND Pin=J8-1
Removed Pin From Net: NetName=GND Pin=J8-1
Removed Pin From Net: NetName=GND Pin=J8-1
Removed Pin From Net: NetName=GND Pin=J8-1
Removed Pin From Net: NetName=GND Pin=J8-1
Removed Pin From Net: NetName=GND Pin=J8-1
Removed Pin From Net: NetName=GND Pin=J8-1
Removed Pin From Net: NetName=GND Pin=J9-1
Removed Pin From Net: NetName=GND Pin=J9-1
Removed Pin From Net: NetName=GND Pin=J9-1
Removed Pin From Net: NetName=GND Pin=J9-1
Removed Pin From Net: NetName=GND Pin=J9-1
Removed Pin From Net: NetName=GND Pin=J9-1
Removed Pin From Net: NetName=GND Pin=J9-1
Removed Pin From Net: NetName=GND Pin=J10-1
Removed Pin From Net: NetName=GND Pin=J10-1
Removed Pin From Net: NetName=GND Pin=J10-1
Removed Pin From Net: NetName=GND Pin=J10-1
Removed Pin From Net: NetName=GND Pin=J10-1
Removed Pin From Net: NetName=GND Pin=J10-1
Removed Pin From Net: NetName=GND Pin=J10-1
Removed Pin From Net: NetName=GND Pin=J11-1
Removed Pin From Net: NetName=GND Pin=J11-1
Removed Pin From Net: NetName=GND Pin=J11-1
Removed Pin From Net: NetName=GND Pin=J11-1
Removed Pin From Net: NetName=GND Pin=J11-1
Removed Pin From Net: NetName=GND Pin=J11-1
Removed Pin From Net: NetName=GND Pin=J11-1
Removed Pin From Net: NetName=GND Pin=J12-1
Removed Pin From Net: NetName=GND Pin=J12-1
Removed Pin From Net: NetName=GND Pin=J12-1
Removed Pin From Net: NetName=GND Pin=J12-1
Removed Pin From Net: NetName=GND Pin=J12-1
Removed Pin From Net: NetName=GND Pin=J12-1
Removed Pin From Net: NetName=GND Pin=J12-1
Removed Member From Class: ClassName=Mosfets Member=J1
Removed Member From Class: ClassName=Mosfets Member=J2
Removed Member From Class: ClassName=Mosfets Member=J3
Removed Member From Class: ClassName=Mosfets Member=J4
Removed Member From Class: ClassName=Mosfets Member=J5
Removed Member From Class: ClassName=Mosfets Member=J6
Removed Member From Class: ClassName=Mosfets Member=J7
Removed Member From Class: ClassName=Mosfets Member=J8
Removed Member From Class: ClassName=Mosfets Member=J9
Removed Member From Class: ClassName=Mosfets Member=J10
Removed Member From Class: ClassName=Mosfets Member=J11
Removed Member From Class: ClassName=Mosfets Member=J12
Added Component: Designator=J?(7466203)
Add component (AddParameter): Name = "ComponentLink1Description"; Value = "New link"; VariantName = "[No Variations]"
Add component (AddParameter): Name = "ComponentLink1URL"; Value = "https://www.mouser.com.tr/ProductDetail/Wurth-Elektronik/7466203?qs=IfoubJuuTRb774UUJ30heA%3D%3D"; VariantName = "[No Variations]"
Add component (AddParameter): Name = "Current"; Value = "50A"; VariantName = "[No Variations]"
Added Component: Designator=J?(7466203)
Add component (AddParameter): Name = "ComponentLink1Description"; Value = "New link"; VariantName = "[No Variations]"
Add component (AddParameter): Name = "ComponentLink1URL"; Value = "https://www.mouser.com.tr/ProductDetail/Wurth-Elektronik/7466203?qs=IfoubJuuTRb774UUJ30heA%3D%3D"; VariantName = "[No Variations]"
Add component (AddParameter): Name = "Current"; Value = "50A"; VariantName = "[No Variations]"
Added Component: Designator=J?(7466203)
Add component (AddParameter): Name = "ComponentLink1Description"; Value = "New link"; VariantName = "[No Variations]"
Add component (AddParameter): Name = "ComponentLink1URL"; Value = "https://www.mouser.com.tr/ProductDetail/Wurth-Elektronik/7466203?qs=IfoubJuuTRb774UUJ30heA%3D%3D"; VariantName = "[No Variations]"
Add component (AddParameter): Name = "Current"; Value = "50A"; VariantName = "[No Variations]"
Added Component: Designator=J?(7466203)
Add component (AddParameter): Name = "ComponentLink1Description"; Value = "New link"; VariantName = "[No Variations]"
Add component (AddParameter): Name = "ComponentLink1URL"; Value = "https://www.mouser.com.tr/ProductDetail/Wurth-Elektronik/7466203?qs=IfoubJuuTRb774UUJ30heA%3D%3D"; VariantName = "[No Variations]"
Add component (AddParameter): Name = "Current"; Value = "50A"; VariantName = "[No Variations]"
Added Component: Designator=J?(7466203)
Add component (AddParameter): Name = "ComponentLink1Description"; Value = "New link"; VariantName = "[No Variations]"
Add component (AddParameter): Name = "ComponentLink1URL"; Value = "https://www.mouser.com.tr/ProductDetail/Wurth-Elektronik/7466203?qs=IfoubJuuTRb774UUJ30heA%3D%3D"; VariantName = "[No Variations]"
Add component (AddParameter): Name = "Current"; Value = "50A"; VariantName = "[No Variations]"
Added Component: Designator=J?(7466203)
Add component (AddParameter): Name = "ComponentLink1Description"; Value = "New link"; VariantName = "[No Variations]"
Add component (AddParameter): Name = "ComponentLink1URL"; Value = "https://www.mouser.com.tr/ProductDetail/Wurth-Elektronik/7466203?qs=IfoubJuuTRb774UUJ30heA%3D%3D"; VariantName = "[No Variations]"
Add component (AddParameter): Name = "Current"; Value = "50A"; VariantName = "[No Variations]"
Added Component: Designator=J?(7466203)
Add component (AddParameter): Name = "ComponentLink1Description"; Value = "New link"; VariantName = "[No Variations]"
Add component (AddParameter): Name = "ComponentLink1URL"; Value = "https://www.mouser.com.tr/ProductDetail/Wurth-Elektronik/7466203?qs=IfoubJuuTRb774UUJ30heA%3D%3D"; VariantName = "[No Variations]"
Add component (AddParameter): Name = "Current"; Value = "50A"; VariantName = "[No Variations]"
Added Component: Designator=J?(7466203)
Add component (AddParameter): Name = "ComponentLink1Description"; Value = "New link"; VariantName = "[No Variations]"
Add component (AddParameter): Name = "ComponentLink1URL"; Value = "https://www.mouser.com.tr/ProductDetail/Wurth-Elektronik/7466203?qs=IfoubJuuTRb774UUJ30heA%3D%3D"; VariantName = "[No Variations]"
Add component (AddParameter): Name = "Current"; Value = "50A"; VariantName = "[No Variations]"
Added Component: Designator=J?(7466203)
Add component (AddParameter): Name = "ComponentLink1Description"; Value = "New link"; VariantName = "[No Variations]"
Add component (AddParameter): Name = "ComponentLink1URL"; Value = "https://www.mouser.com.tr/ProductDetail/Wurth-Elektronik/7466203?qs=IfoubJuuTRb774UUJ30heA%3D%3D"; VariantName = "[No Variations]"
Add component (AddParameter): Name = "Current"; Value = "50A"; VariantName = "[No Variations]"
Added Component: Designator=J?(7466203)
Add component (AddParameter): Name = "ComponentLink1Description"; Value = "New link"; VariantName = "[No Variations]"
Add component (AddParameter): Name = "ComponentLink1URL"; Value = "https://www.mouser.com.tr/ProductDetail/Wurth-Elektronik/7466203?qs=IfoubJuuTRb774UUJ30heA%3D%3D"; VariantName = "[No Variations]"
Add component (AddParameter): Name = "Current"; Value = "50A"; VariantName = "[No Variations]"
Added Component: Designator=J?(7466203)
Add component (AddParameter): Name = "ComponentLink1Description"; Value = "New link"; VariantName = "[No Variations]"
Add component (AddParameter): Name = "ComponentLink1URL"; Value = "https://www.mouser.com.tr/ProductDetail/Wurth-Elektronik/7466203?qs=IfoubJuuTRb774UUJ30heA%3D%3D"; VariantName = "[No Variations]"
Add component (AddParameter): Name = "Current"; Value = "50A"; VariantName = "[No Variations]"
Added Component: Designator=J?(7466203)
Add component (AddParameter): Name = "ComponentLink1Description"; Value = "New link"; VariantName = "[No Variations]"
Add component (AddParameter): Name = "ComponentLink1URL"; Value = "https://www.mouser.com.tr/ProductDetail/Wurth-Elektronik/7466203?qs=IfoubJuuTRb774UUJ30heA%3D%3D"; VariantName = "[No Variations]"
Add component (AddParameter): Name = "Current"; Value = "50A"; VariantName = "[No Variations]"
Added Pin To Net: NetName=GND Pin=J?-1
Added Pin To Net: NetName=GND Pin=J?-1
Added Pin To Net: NetName=GND Pin=J?-1
Added Pin To Net: NetName=GND Pin=J?-1
Added Pin To Net: NetName=GND Pin=J?-1
Added Pin To Net: NetName=GND Pin=J?-1
Added Pin To Net: NetName=VIN Pin=J?-1
Added Pin To Net: NetName=VIN Pin=J?-1
Added Pin To Net: NetName=VIN Pin=J?-1
Added Pin To Net: NetName=VIN Pin=J?-1
Added Pin To Net: NetName=VIN Pin=J?-1
Added Pin To Net: NetName=VIN Pin=J?-1
Added Member To Class: ClassName=Mosfets Member=Component J? 7466103
Added Member To Class: ClassName=Mosfets Member=Component J? 7466103
Added Member To Class: ClassName=Mosfets Member=Component J? 7466103
Added Member To Class: ClassName=Mosfets Member=Component J? 7466103
Added Member To Class: ClassName=Mosfets Member=Component J? 7466103
Added Member To Class: ClassName=Mosfets Member=Component J? 7466103
Added Member To Class: ClassName=Mosfets Member=Component J? 7466103
Added Member To Class: ClassName=Mosfets Member=Component J? 7466103
Added Member To Class: ClassName=Mosfets Member=Component J? 7466103
Added Member To Class: ClassName=Mosfets Member=Component J? 7466103
Added Member To Class: ClassName=Mosfets Member=Component J? 7466103
Added Member To Class: ClassName=Mosfets Member=Component J? 7466103
