Added Component: Designator=J16(HEADER_MALE_SMD_2X2_2.54MM)
Added Component: Designator=J17(HEADER_MALE_SMD_2X2_2.54MM)
Added Component: Designator=J18(HEADER_MALE_SMD_2X2_2.54MM)
Added Component: Designator=J19(HEADER_MALE_SMD_2X2_2.54MM)
Added Component: Designator=J20(HEADER_MALE_SMD_2X2_2.54MM)
Added Component: Designator=J21(HEADER_MALE_SMD_2X2_2.54MM)
Added Component: Designator=J22(HEADER_MALE_SMD_2X2_2.54MM)
Added Component: Designator=J23(HEADER_MALE_SMD_2X2_2.54MM)
Added Component: Designator=J24(HEADER_MALE_SMD_2X2_2.54MM)
Added Component: Designator=J25(HEADER_MALE_SMD_2X2_2.54MM)
Added Component: Designator=J26(HEADER_MALE_SMD_2X2_2.54MM)
Added Component: Designator=J27(HEADER_MALE_SMD_2X2_2.54MM)
Added Pin To Net: NetName=+3V3 Pin=J16-1
Added Pin To Net: NetName=GND Pin=J16-2
Added Pin To Net: NetName=I_PHASE_A Pin=J16-3
Added Pin To Net: NetName=I_PHASE_A Pin=J16-4
Added Pin To Net: NetName=+3V3 Pin=J17-1
Added Pin To Net: NetName=GND Pin=J17-2
Added Pin To Net: NetName=I_PHASE_B Pin=J17-3
Added Pin To Net: NetName=I_PHASE_B Pin=J17-4
Added Pin To Net: NetName=+3V3 Pin=J18-1
Added Pin To Net: NetName=GND Pin=J18-2
Added Pin To Net: NetName=I_PHASE_C Pin=J18-3
Added Pin To Net: NetName=I_PHASE_C Pin=J18-4
Added Pin To Net: NetName=NTC1+ Pin=J19-1
Added Pin To Net: NetName=NTC1- Pin=J19-2
Added Pin To Net: NetName=GND Pin=J19-3
Added Pin To Net: NetName=GND Pin=J19-4
Added Pin To Net: NetName=NTC2+ Pin=J20-1
Added Pin To Net: NetName=NTC2- Pin=J20-2
Added Pin To Net: NetName=GND Pin=J20-3
Added Pin To Net: NetName=GND Pin=J20-4
Added Pin To Net: NetName=NTC3+ Pin=J21-1
Added Pin To Net: NetName=NTC3- Pin=J21-2
Added Pin To Net: NetName=GND Pin=J21-3
Added Pin To Net: NetName=GND Pin=J21-4
Added Pin To Net: NetName=VS_A Pin=J22-1
Added Pin To Net: NetName=VS_A Pin=J22-2
Added Pin To Net: NetName=GND Pin=J22-3
Added Pin To Net: NetName=GND Pin=J22-4
Added Pin To Net: NetName=VS_B Pin=J23-1
Added Pin To Net: NetName=VS_B Pin=J23-2
Added Pin To Net: NetName=GND Pin=J23-3
Added Pin To Net: NetName=GND Pin=J23-4
Added Pin To Net: NetName=VS_C Pin=J24-1
Added Pin To Net: NetName=VS_C Pin=J24-2
Added Pin To Net: NetName=GND Pin=J24-3
Added Pin To Net: NetName=GND Pin=J24-4
Added Pin To Net: NetName=GHA Pin=J25-1
Added Pin To Net: NetName=GLA Pin=J25-2
Added Pin To Net: NetName=GND Pin=J25-3
Added Pin To Net: NetName=GND Pin=J25-4
Added Pin To Net: NetName=GHB Pin=J26-1
Added Pin To Net: NetName=GLB Pin=J26-2
Added Pin To Net: NetName=GND Pin=J26-3
Added Pin To Net: NetName=GND Pin=J26-4
Added Pin To Net: NetName=GHC Pin=J27-1
Added Pin To Net: NetName=GLC Pin=J27-2
Added Pin To Net: NetName=GND Pin=J27-3
Added Pin To Net: NetName=GND Pin=J27-4
Added Member To Class: ClassName=Mosfets Member=Component J16 Header
Added Member To Class: ClassName=Mosfets Member=Component J17 Header
Added Member To Class: ClassName=Mosfets Member=Component J18 Header
Added Member To Class: ClassName=Mosfets Member=Component J19 Header
Added Member To Class: ClassName=Mosfets Member=Component J20 Header
Added Member To Class: ClassName=Mosfets Member=Component J21 Header
Added Member To Class: ClassName=Mosfets Member=Component J22 Header
Added Member To Class: ClassName=Mosfets Member=Component J23 Header
Added Member To Class: ClassName=Mosfets Member=Component J24 Header
Added Member To Class: ClassName=Mosfets Member=Component J25 Header
Added Member To Class: ClassName=Mosfets Member=Component J26 Header
Added Member To Class: ClassName=Mosfets Member=Component J27 Header
