Added Component: Designator=C1(C_THT_12.5X20)
Add component (AddParameter): Name = "ComponentLink1Description"; Value = "Link"; VariantName = "[No Variations]"
Add component (AddParameter): Name = "ComponentLink1URL"; Value = "https://www.mouser.com.tr/ProductDetail/Panasonic/ECA-2AM221B?qs=hnUcNC2tU0psbcmlzR8oQA%3D%3D"; VariantName = "[No Variations]"
Add component (AddParameter): Name = "Value"; Value = "220u"; VariantName = "[No Variations]"
Add component (AddParameter): Name = "Voltage"; Value = "100V"; VariantName = "[No Variations]"
Added Component: Designator=C2(C_THT_12.5X20)
Add component (AddParameter): Name = "ComponentLink1Description"; Value = "Link"; VariantName = "[No Variations]"
Add component (AddParameter): Name = "ComponentLink1URL"; Value = "https://www.mouser.com.tr/ProductDetail/Panasonic/ECA-2AM221B?qs=hnUcNC2tU0psbcmlzR8oQA%3D%3D"; VariantName = "[No Variations]"
Add component (AddParameter): Name = "Value"; Value = "220u"; VariantName = "[No Variations]"
Add component (AddParameter): Name = "Voltage"; Value = "100V"; VariantName = "[No Variations]"
Added Component: Designator=C3(C_THT_12.5X20)
Add component (AddParameter): Name = "ComponentLink1Description"; Value = "Link"; VariantName = "[No Variations]"
Add component (AddParameter): Name = "ComponentLink1URL"; Value = "https://www.mouser.com.tr/ProductDetail/Panasonic/ECA-2AM221B?qs=hnUcNC2tU0psbcmlzR8oQA%3D%3D"; VariantName = "[No Variations]"
Add component (AddParameter): Name = "Value"; Value = "220u"; VariantName = "[No Variations]"
Add component (AddParameter): Name = "Voltage"; Value = "100V"; VariantName = "[No Variations]"
Added Component: Designator=C4(C_THT_12.5X20)
Add component (AddParameter): Name = "ComponentLink1Description"; Value = "Link"; VariantName = "[No Variations]"
Add component (AddParameter): Name = "ComponentLink1URL"; Value = "https://www.mouser.com.tr/ProductDetail/Panasonic/ECA-2AM221B?qs=hnUcNC2tU0psbcmlzR8oQA%3D%3D"; VariantName = "[No Variations]"
Add component (AddParameter): Name = "Value"; Value = "220u"; VariantName = "[No Variations]"
Add component (AddParameter): Name = "Voltage"; Value = "100V"; VariantName = "[No Variations]"
Added Component: Designator=C5(C_THT_12.5X20)
Add component (AddParameter): Name = "ComponentLink1Description"; Value = "Link"; VariantName = "[No Variations]"
Add component (AddParameter): Name = "ComponentLink1URL"; Value = "https://www.mouser.com.tr/ProductDetail/Panasonic/ECA-2AM221B?qs=hnUcNC2tU0psbcmlzR8oQA%3D%3D"; VariantName = "[No Variations]"
Add component (AddParameter): Name = "Value"; Value = "220u"; VariantName = "[No Variations]"
Add component (AddParameter): Name = "Voltage"; Value = "100V"; VariantName = "[No Variations]"
Added Component: Designator=C6(C_THT_12.5X20)
Add component (AddParameter): Name = "ComponentLink1Description"; Value = "Link"; VariantName = "[No Variations]"
Add component (AddParameter): Name = "ComponentLink1URL"; Value = "https://www.mouser.com.tr/ProductDetail/Panasonic/ECA-2AM221B?qs=hnUcNC2tU0psbcmlzR8oQA%3D%3D"; VariantName = "[No Variations]"
Add component (AddParameter): Name = "Value"; Value = "220u"; VariantName = "[No Variations]"
Add component (AddParameter): Name = "Voltage"; Value = "100V"; VariantName = "[No Variations]"
Added Component: Designator=C7(C_THT_12.5X20)
Add component (AddParameter): Name = "ComponentLink1Description"; Value = "Link"; VariantName = "[No Variations]"
Add component (AddParameter): Name = "ComponentLink1URL"; Value = "https://www.mouser.com.tr/ProductDetail/Panasonic/ECA-2AM221B?qs=hnUcNC2tU0psbcmlzR8oQA%3D%3D"; VariantName = "[No Variations]"
Add component (AddParameter): Name = "Value"; Value = "220u"; VariantName = "[No Variations]"
Add component (AddParameter): Name = "Voltage"; Value = "100V"; VariantName = "[No Variations]"
Added Component: Designator=C8(C_THT_12.5X20)
Add component (AddParameter): Name = "ComponentLink1Description"; Value = "Link"; VariantName = "[No Variations]"
Add component (AddParameter): Name = "ComponentLink1URL"; Value = "https://www.mouser.com.tr/ProductDetail/Panasonic/ECA-2AM221B?qs=hnUcNC2tU0psbcmlzR8oQA%3D%3D"; VariantName = "[No Variations]"
Add component (AddParameter): Name = "Value"; Value = "220u"; VariantName = "[No Variations]"
Add component (AddParameter): Name = "Voltage"; Value = "100V"; VariantName = "[No Variations]"
Added Component: Designator=C9(C_THT_12.5X20)
Add component (AddParameter): Name = "ComponentLink1Description"; Value = "Link"; VariantName = "[No Variations]"
Add component (AddParameter): Name = "ComponentLink1URL"; Value = "https://www.mouser.com.tr/ProductDetail/Panasonic/ECA-2AM221B?qs=hnUcNC2tU0psbcmlzR8oQA%3D%3D"; VariantName = "[No Variations]"
Add component (AddParameter): Name = "Value"; Value = "220u"; VariantName = "[No Variations]"
Add component (AddParameter): Name = "Voltage"; Value = "100V"; VariantName = "[No Variations]"
Added Component: Designator=C10(C_THT_12.5X20)
Add component (AddParameter): Name = "ComponentLink1Description"; Value = "Link"; VariantName = "[No Variations]"
Add component (AddParameter): Name = "ComponentLink1URL"; Value = "https://www.mouser.com.tr/ProductDetail/Panasonic/ECA-2AM221B?qs=hnUcNC2tU0psbcmlzR8oQA%3D%3D"; VariantName = "[No Variations]"
Add component (AddParameter): Name = "Value"; Value = "220u"; VariantName = "[No Variations]"
Add component (AddParameter): Name = "Voltage"; Value = "100V"; VariantName = "[No Variations]"
Added Component: Designator=C11(C_THT_12.5X20)
Add component (AddParameter): Name = "ComponentLink1Description"; Value = "Link"; VariantName = "[No Variations]"
Add component (AddParameter): Name = "ComponentLink1URL"; Value = "https://www.mouser.com.tr/ProductDetail/Panasonic/ECA-2AM221B?qs=hnUcNC2tU0psbcmlzR8oQA%3D%3D"; VariantName = "[No Variations]"
Add component (AddParameter): Name = "Value"; Value = "220u"; VariantName = "[No Variations]"
Add component (AddParameter): Name = "Voltage"; Value = "100V"; VariantName = "[No Variations]"
Added Component: Designator=C12(C_THT_12.5X20)
Add component (AddParameter): Name = "ComponentLink1Description"; Value = "Link"; VariantName = "[No Variations]"
Add component (AddParameter): Name = "ComponentLink1URL"; Value = "https://www.mouser.com.tr/ProductDetail/Panasonic/ECA-2AM221B?qs=hnUcNC2tU0psbcmlzR8oQA%3D%3D"; VariantName = "[No Variations]"
Add component (AddParameter): Name = "Value"; Value = "220u"; VariantName = "[No Variations]"
Add component (AddParameter): Name = "Voltage"; Value = "100V"; VariantName = "[No Variations]"
Added Component: Designator=C13(C_THT_12.5X20)
Add component (AddParameter): Name = "ComponentLink1Description"; Value = "Link"; VariantName = "[No Variations]"
Add component (AddParameter): Name = "ComponentLink1URL"; Value = "https://www.mouser.com.tr/ProductDetail/Panasonic/ECA-2AM221B?qs=hnUcNC2tU0psbcmlzR8oQA%3D%3D"; VariantName = "[No Variations]"
Add component (AddParameter): Name = "Value"; Value = "220u"; VariantName = "[No Variations]"
Add component (AddParameter): Name = "Voltage"; Value = "100V"; VariantName = "[No Variations]"
Added Component: Designator=C14(C_THT_12.5X20)
Add component (AddParameter): Name = "ComponentLink1Description"; Value = "Link"; VariantName = "[No Variations]"
Add component (AddParameter): Name = "ComponentLink1URL"; Value = "https://www.mouser.com.tr/ProductDetail/Panasonic/ECA-2AM221B?qs=hnUcNC2tU0psbcmlzR8oQA%3D%3D"; VariantName = "[No Variations]"
Add component (AddParameter): Name = "Value"; Value = "220u"; VariantName = "[No Variations]"
Add component (AddParameter): Name = "Voltage"; Value = "100V"; VariantName = "[No Variations]"
Added Component: Designator=C15(C_THT_12.5X20)
Add component (AddParameter): Name = "ComponentLink1Description"; Value = "Link"; VariantName = "[No Variations]"
Add component (AddParameter): Name = "ComponentLink1URL"; Value = "https://www.mouser.com.tr/ProductDetail/Panasonic/ECA-2AM221B?qs=hnUcNC2tU0psbcmlzR8oQA%3D%3D"; VariantName = "[No Variations]"
Add component (AddParameter): Name = "Value"; Value = "220u"; VariantName = "[No Variations]"
Add component (AddParameter): Name = "Voltage"; Value = "100V"; VariantName = "[No Variations]"
Added Component: Designator=C16(C_THT_12.5X20)
Add component (AddParameter): Name = "ComponentLink1Description"; Value = "Link"; VariantName = "[No Variations]"
Add component (AddParameter): Name = "ComponentLink1URL"; Value = "https://www.mouser.com.tr/ProductDetail/Panasonic/ECA-2AM221B?qs=hnUcNC2tU0psbcmlzR8oQA%3D%3D"; VariantName = "[No Variations]"
Add component (AddParameter): Name = "Value"; Value = "220u"; VariantName = "[No Variations]"
Add component (AddParameter): Name = "Voltage"; Value = "100V"; VariantName = "[No Variations]"
Added Component: Designator=C17(C_THT_12.5X20)
Add component (AddParameter): Name = "ComponentLink1Description"; Value = "Link"; VariantName = "[No Variations]"
Add component (AddParameter): Name = "ComponentLink1URL"; Value = "https://www.mouser.com.tr/ProductDetail/Panasonic/ECA-2AM221B?qs=hnUcNC2tU0psbcmlzR8oQA%3D%3D"; VariantName = "[No Variations]"
Add component (AddParameter): Name = "Value"; Value = "220u"; VariantName = "[No Variations]"
Add component (AddParameter): Name = "Voltage"; Value = "100V"; VariantName = "[No Variations]"
Added Component: Designator=C18(C_THT_12.5X20)
Add component (AddParameter): Name = "ComponentLink1Description"; Value = "Link"; VariantName = "[No Variations]"
Add component (AddParameter): Name = "ComponentLink1URL"; Value = "https://www.mouser.com.tr/ProductDetail/Panasonic/ECA-2AM221B?qs=hnUcNC2tU0psbcmlzR8oQA%3D%3D"; VariantName = "[No Variations]"
Add component (AddParameter): Name = "Value"; Value = "220u"; VariantName = "[No Variations]"
Add component (AddParameter): Name = "Voltage"; Value = "100V"; VariantName = "[No Variations]"
Added Pin To Net: NetName=GND Pin=C1-2
Added Pin To Net: NetName=GND Pin=C2-2
Added Pin To Net: NetName=GND Pin=C3-2
Added Pin To Net: NetName=GND Pin=C4-2
Added Pin To Net: NetName=GND Pin=C5-2
Added Pin To Net: NetName=GND Pin=C6-2
Added Pin To Net: NetName=GND Pin=C7-2
Added Pin To Net: NetName=GND Pin=C8-2
Added Pin To Net: NetName=GND Pin=C9-2
Added Pin To Net: NetName=GND Pin=C10-2
Added Pin To Net: NetName=GND Pin=C11-2
Added Pin To Net: NetName=GND Pin=C12-2
Added Pin To Net: NetName=GND Pin=C13-2
Added Pin To Net: NetName=GND Pin=C14-2
Added Pin To Net: NetName=GND Pin=C15-2
Added Pin To Net: NetName=GND Pin=C16-2
Added Pin To Net: NetName=GND Pin=C17-2
Added Pin To Net: NetName=GND Pin=C18-2
Added Net: Name=GND
Added Pin To Net: NetName=VIN Pin=C1-1
Added Pin To Net: NetName=VIN Pin=C2-1
Added Pin To Net: NetName=VIN Pin=C3-1
Added Pin To Net: NetName=VIN Pin=C4-1
Added Pin To Net: NetName=VIN Pin=C5-1
Added Pin To Net: NetName=VIN Pin=C6-1
Added Pin To Net: NetName=VIN Pin=C7-1
Added Pin To Net: NetName=VIN Pin=C8-1
Added Pin To Net: NetName=VIN Pin=C9-1
Added Pin To Net: NetName=VIN Pin=C10-1
Added Pin To Net: NetName=VIN Pin=C11-1
Added Pin To Net: NetName=VIN Pin=C12-1
Added Pin To Net: NetName=VIN Pin=C13-1
Added Pin To Net: NetName=VIN Pin=C14-1
Added Pin To Net: NetName=VIN Pin=C15-1
Added Pin To Net: NetName=VIN Pin=C16-1
Added Pin To Net: NetName=VIN Pin=C17-1
Added Pin To Net: NetName=VIN Pin=C18-1
Added Net: Name=VIN
Added Class: Name=Busbar
Added Rule: Name=Schematic Supply Nets
Added Rule: Name=Schematic Supply Nets_1
