Added Component: Designator=J1(HEADER_FEMALE_SMD_2X3_1.27MM)
Added Component: Designator=J3(HEADER_FEMALE_SMD_2X3_1.27MM)
Added Component: Designator=J4(HEADER_FEMALE_SMD_2X3_1.27MM)
Added Component: Designator=J24(HEADER_FEMALE_SMD_2X3_1.27MM)
Added Pin To Net: NetName=GND Pin=J1-2
Added Pin To Net: NetName=GND Pin=J1-4
Added Pin To Net: NetName=GND Pin=J1-6
Added Pin To Net: NetName=GND Pin=J3-2
Added Pin To Net: NetName=GND Pin=J3-4
Added Pin To Net: NetName=GND Pin=J3-6
Added Pin To Net: NetName=GND Pin=J4-2
Added Pin To Net: NetName=GND Pin=J4-4
Added Pin To Net: NetName=GND Pin=J4-6
Added Pin To Net: NetName=GHA Pin=J24-1
Added Pin To Net: NetName=GND Pin=J24-2
Added Pin To Net: NetName=GLA Pin=J24-3
Added Pin To Net: NetName=GND Pin=J24-4
Added Pin To Net: NetName=GND Pin=J24-5
Added Pin To Net: NetName=GND Pin=J24-6
Added Member To Class: ClassName=Busbar Member=Component J1 HEADER
Added Member To Class: ClassName=Busbar Member=Component J3 HEADER
Added Member To Class: ClassName=Busbar Member=Component J4 HEADER
Added Member To Class: ClassName=Busbar Member=Component J24 HEADER
