Added Component: Designator=C1(C_THT_12.5X20)
Add component (AddParameter): Name = "ComponentLink1Description"; Value = "Link"; VariantName = "[No Variations]"
Add component (AddParameter): Name = "ComponentLink1URL"; Value = "https://www.mouser.com.tr/ProductDetail/Panasonic/ECA-2AM221B?qs=hnUcNC2tU0psbcmlzR8oQA%3D%3D"; VariantName = "[No Variations]"
Add component (AddParameter): Name = "Value"; Value = "220u"; VariantName = "[No Variations]"
Add component (AddParameter): Name = "Voltage"; Value = "100V"; VariantName = "[No Variations]"
Added Component: Designator=C2(C_THT_12.5X20)
Add component (AddParameter): Name = "ComponentLink1Description"; Value = "Link"; VariantName = "[No Variations]"
Add component (AddParameter): Name = "ComponentLink1URL"; Value = "https://www.mouser.com.tr/ProductDetail/Panasonic/ECA-2AM221B?qs=hnUcNC2tU0psbcmlzR8oQA%3D%3D"; VariantName = "[No Variations]"
Add component (AddParameter): Name = "Value"; Value = "220u"; VariantName = "[No Variations]"
Add component (AddParameter): Name = "Voltage"; Value = "100V"; VariantName = "[No Variations]"
Added Component: Designator=C3(C_THT_12.5X20)
Add component (AddParameter): Name = "ComponentLink1Description"; Value = "Link"; VariantName = "[No Variations]"
Add component (AddParameter): Name = "ComponentLink1URL"; Value = "https://www.mouser.com.tr/ProductDetail/Panasonic/ECA-2AM221B?qs=hnUcNC2tU0psbcmlzR8oQA%3D%3D"; VariantName = "[No Variations]"
Add component (AddParameter): Name = "Value"; Value = "220u"; VariantName = "[No Variations]"
Add component (AddParameter): Name = "Voltage"; Value = "100V"; VariantName = "[No Variations]"
Added Component: Designator=C4(C_THT_12.5X20)
Add component (AddParameter): Name = "ComponentLink1Description"; Value = "Link"; VariantName = "[No Variations]"
Add component (AddParameter): Name = "ComponentLink1URL"; Value = "https://www.mouser.com.tr/ProductDetail/Panasonic/ECA-2AM221B?qs=hnUcNC2tU0psbcmlzR8oQA%3D%3D"; VariantName = "[No Variations]"
Add component (AddParameter): Name = "Value"; Value = "220u"; VariantName = "[No Variations]"
Add component (AddParameter): Name = "Voltage"; Value = "100V"; VariantName = "[No Variations]"
Added Component: Designator=C5(C_THT_12.5X20)
Add component (AddParameter): Name = "ComponentLink1Description"; Value = "Link"; VariantName = "[No Variations]"
Add component (AddParameter): Name = "ComponentLink1URL"; Value = "https://www.mouser.com.tr/ProductDetail/Panasonic/ECA-2AM221B?qs=hnUcNC2tU0psbcmlzR8oQA%3D%3D"; VariantName = "[No Variations]"
Add component (AddParameter): Name = "Value"; Value = "220u"; VariantName = "[No Variations]"
Add component (AddParameter): Name = "Voltage"; Value = "100V"; VariantName = "[No Variations]"
Added Component: Designator=C6(C_THT_12.5X20)
Add component (AddParameter): Name = "ComponentLink1Description"; Value = "Link"; VariantName = "[No Variations]"
Add component (AddParameter): Name = "ComponentLink1URL"; Value = "https://www.mouser.com.tr/ProductDetail/Panasonic/ECA-2AM221B?qs=hnUcNC2tU0psbcmlzR8oQA%3D%3D"; VariantName = "[No Variations]"
Add component (AddParameter): Name = "Value"; Value = "220u"; VariantName = "[No Variations]"
Add component (AddParameter): Name = "Voltage"; Value = "100V"; VariantName = "[No Variations]"
Added Component: Designator=C7(C_THT_12.5X20)
Add component (AddParameter): Name = "ComponentLink1Description"; Value = "Link"; VariantName = "[No Variations]"
Add component (AddParameter): Name = "ComponentLink1URL"; Value = "https://www.mouser.com.tr/ProductDetail/Panasonic/ECA-2AM221B?qs=hnUcNC2tU0psbcmlzR8oQA%3D%3D"; VariantName = "[No Variations]"
Add component (AddParameter): Name = "Value"; Value = "220u"; VariantName = "[No Variations]"
Add component (AddParameter): Name = "Voltage"; Value = "100V"; VariantName = "[No Variations]"
Added Component: Designator=C8(C_THT_12.5X20)
Add component (AddParameter): Name = "ComponentLink1Description"; Value = "Link"; VariantName = "[No Variations]"
Add component (AddParameter): Name = "ComponentLink1URL"; Value = "https://www.mouser.com.tr/ProductDetail/Panasonic/ECA-2AM221B?qs=hnUcNC2tU0psbcmlzR8oQA%3D%3D"; VariantName = "[No Variations]"
Add component (AddParameter): Name = "Value"; Value = "220u"; VariantName = "[No Variations]"
Add component (AddParameter): Name = "Voltage"; Value = "100V"; VariantName = "[No Variations]"
Added Component: Designator=C9(C_THT_12.5X20)
Add component (AddParameter): Name = "ComponentLink1Description"; Value = "Link"; VariantName = "[No Variations]"
Add component (AddParameter): Name = "ComponentLink1URL"; Value = "https://www.mouser.com.tr/ProductDetail/Panasonic/ECA-2AM221B?qs=hnUcNC2tU0psbcmlzR8oQA%3D%3D"; VariantName = "[No Variations]"
Add component (AddParameter): Name = "Value"; Value = "220u"; VariantName = "[No Variations]"
Add component (AddParameter): Name = "Voltage"; Value = "100V"; VariantName = "[No Variations]"
Added Component: Designator=C10(C_THT_12.5X20)
Add component (AddParameter): Name = "ComponentLink1Description"; Value = "Link"; VariantName = "[No Variations]"
Add component (AddParameter): Name = "ComponentLink1URL"; Value = "https://www.mouser.com.tr/ProductDetail/Panasonic/ECA-2AM221B?qs=hnUcNC2tU0psbcmlzR8oQA%3D%3D"; VariantName = "[No Variations]"
Add component (AddParameter): Name = "Value"; Value = "220u"; VariantName = "[No Variations]"
Add component (AddParameter): Name = "Voltage"; Value = "100V"; VariantName = "[No Variations]"
Added Component: Designator=C11(C_THT_12.5X20)
Add component (AddParameter): Name = "ComponentLink1Description"; Value = "Link"; VariantName = "[No Variations]"
Add component (AddParameter): Name = "ComponentLink1URL"; Value = "https://www.mouser.com.tr/ProductDetail/Panasonic/ECA-2AM221B?qs=hnUcNC2tU0psbcmlzR8oQA%3D%3D"; VariantName = "[No Variations]"
Add component (AddParameter): Name = "Value"; Value = "220u"; VariantName = "[No Variations]"
Add component (AddParameter): Name = "Voltage"; Value = "100V"; VariantName = "[No Variations]"
Added Component: Designator=C12(C_THT_12.5X20)
Add component (AddParameter): Name = "ComponentLink1Description"; Value = "Link"; VariantName = "[No Variations]"
Add component (AddParameter): Name = "ComponentLink1URL"; Value = "https://www.mouser.com.tr/ProductDetail/Panasonic/ECA-2AM221B?qs=hnUcNC2tU0psbcmlzR8oQA%3D%3D"; VariantName = "[No Variations]"
Add component (AddParameter): Name = "Value"; Value = "220u"; VariantName = "[No Variations]"
Add component (AddParameter): Name = "Voltage"; Value = "100V"; VariantName = "[No Variations]"
Added Component: Designator=C13(C_THT_12.5X20)
Add component (AddParameter): Name = "ComponentLink1Description"; Value = "Link"; VariantName = "[No Variations]"
Add component (AddParameter): Name = "ComponentLink1URL"; Value = "https://www.mouser.com.tr/ProductDetail/Panasonic/ECA-2AM221B?qs=hnUcNC2tU0psbcmlzR8oQA%3D%3D"; VariantName = "[No Variations]"
Add component (AddParameter): Name = "Value"; Value = "220u"; VariantName = "[No Variations]"
Add component (AddParameter): Name = "Voltage"; Value = "100V"; VariantName = "[No Variations]"
Added Component: Designator=C14(C_THT_12.5X20)
Add component (AddParameter): Name = "ComponentLink1Description"; Value = "Link"; VariantName = "[No Variations]"
Add component (AddParameter): Name = "ComponentLink1URL"; Value = "https://www.mouser.com.tr/ProductDetail/Panasonic/ECA-2AM221B?qs=hnUcNC2tU0psbcmlzR8oQA%3D%3D"; VariantName = "[No Variations]"
Add component (AddParameter): Name = "Value"; Value = "220u"; VariantName = "[No Variations]"
Add component (AddParameter): Name = "Voltage"; Value = "100V"; VariantName = "[No Variations]"
Added Component: Designator=C15(C_THT_12.5X20)
Add component (AddParameter): Name = "ComponentLink1Description"; Value = "Link"; VariantName = "[No Variations]"
Add component (AddParameter): Name = "ComponentLink1URL"; Value = "https://www.mouser.com.tr/ProductDetail/Panasonic/ECA-2AM221B?qs=hnUcNC2tU0psbcmlzR8oQA%3D%3D"; VariantName = "[No Variations]"
Add component (AddParameter): Name = "Value"; Value = "220u"; VariantName = "[No Variations]"
Add component (AddParameter): Name = "Voltage"; Value = "100V"; VariantName = "[No Variations]"
Added Component: Designator=C16(C_THT_12.5X20)
Add component (AddParameter): Name = "ComponentLink1Description"; Value = "Link"; VariantName = "[No Variations]"
Add component (AddParameter): Name = "ComponentLink1URL"; Value = "https://www.mouser.com.tr/ProductDetail/Panasonic/ECA-2AM221B?qs=hnUcNC2tU0psbcmlzR8oQA%3D%3D"; VariantName = "[No Variations]"
Add component (AddParameter): Name = "Value"; Value = "220u"; VariantName = "[No Variations]"
Add component (AddParameter): Name = "Voltage"; Value = "100V"; VariantName = "[No Variations]"
Added Component: Designator=C17(C_THT_12.5X20)
Add component (AddParameter): Name = "ComponentLink1Description"; Value = "Link"; VariantName = "[No Variations]"
Add component (AddParameter): Name = "ComponentLink1URL"; Value = "https://www.mouser.com.tr/ProductDetail/Panasonic/ECA-2AM221B?qs=hnUcNC2tU0psbcmlzR8oQA%3D%3D"; VariantName = "[No Variations]"
Add component (AddParameter): Name = "Value"; Value = "220u"; VariantName = "[No Variations]"
Add component (AddParameter): Name = "Voltage"; Value = "100V"; VariantName = "[No Variations]"
Added Component: Designator=C18(C_THT_12.5X20)
Add component (AddParameter): Name = "ComponentLink1Description"; Value = "Link"; VariantName = "[No Variations]"
Add component (AddParameter): Name = "ComponentLink1URL"; Value = "https://www.mouser.com.tr/ProductDetail/Panasonic/ECA-2AM221B?qs=hnUcNC2tU0psbcmlzR8oQA%3D%3D"; VariantName = "[No Variations]"
Add component (AddParameter): Name = "Value"; Value = "220u"; VariantName = "[No Variations]"
Add component (AddParameter): Name = "Voltage"; Value = "100V"; VariantName = "[No Variations]"
Added Component: Designator=J1(74651195R)
Add component (AddParameter): Name = "ComponentLink1Description"; Value = "New link"; VariantName = "[No Variations]"
Add component (AddParameter): Name = "ComponentLink1URL"; Value = "https://www.mouser.com.tr/ProductDetail/Wurth-Elektronik/74651195R?qs=lBTPRtX1sU%252BvmxiYHcgAuw%3D%3D"; VariantName = "[No Variations]"
Added Component: Designator=J2(74651195R)
Add component (AddParameter): Name = "ComponentLink1Description"; Value = "New link"; VariantName = "[No Variations]"
Add component (AddParameter): Name = "ComponentLink1URL"; Value = "https://www.mouser.com.tr/ProductDetail/Wurth-Elektronik/74651195R?qs=lBTPRtX1sU%252BvmxiYHcgAuw%3D%3D"; VariantName = "[No Variations]"
Added Component: Designator=J3(74651195R)
Add component (AddParameter): Name = "ComponentLink1Description"; Value = "New link"; VariantName = "[No Variations]"
Add component (AddParameter): Name = "ComponentLink1URL"; Value = "https://www.mouser.com.tr/ProductDetail/Wurth-Elektronik/74651195R?qs=lBTPRtX1sU%252BvmxiYHcgAuw%3D%3D"; VariantName = "[No Variations]"
Added Component: Designator=J4(74651195R)
Add component (AddParameter): Name = "ComponentLink1Description"; Value = "New link"; VariantName = "[No Variations]"
Add component (AddParameter): Name = "ComponentLink1URL"; Value = "https://www.mouser.com.tr/ProductDetail/Wurth-Elektronik/74651195R?qs=lBTPRtX1sU%252BvmxiYHcgAuw%3D%3D"; VariantName = "[No Variations]"
Added Component: Designator=J5(74651195R)
Add component (AddParameter): Name = "ComponentLink1Description"; Value = "New link"; VariantName = "[No Variations]"
Add component (AddParameter): Name = "ComponentLink1URL"; Value = "https://www.mouser.com.tr/ProductDetail/Wurth-Elektronik/74651195R?qs=lBTPRtX1sU%252BvmxiYHcgAuw%3D%3D"; VariantName = "[No Variations]"
Added Component: Designator=J6(74651195R)
Add component (AddParameter): Name = "ComponentLink1Description"; Value = "New link"; VariantName = "[No Variations]"
Add component (AddParameter): Name = "ComponentLink1URL"; Value = "https://www.mouser.com.tr/ProductDetail/Wurth-Elektronik/74651195R?qs=lBTPRtX1sU%252BvmxiYHcgAuw%3D%3D"; VariantName = "[No Variations]"
Added Pin To Net: NetName=VIN Pin=C1-1
Added Pin To Net: NetName=GND Pin=C1-2
Added Pin To Net: NetName=VIN Pin=C2-1
Added Pin To Net: NetName=GND Pin=C2-2
Added Pin To Net: NetName=VIN Pin=C3-1
Added Pin To Net: NetName=GND Pin=C3-2
Added Pin To Net: NetName=VIN Pin=C4-1
Added Pin To Net: NetName=GND Pin=C4-2
Added Pin To Net: NetName=VIN Pin=C5-1
Added Pin To Net: NetName=GND Pin=C5-2
Added Pin To Net: NetName=VIN Pin=C6-1
Added Pin To Net: NetName=GND Pin=C6-2
Added Pin To Net: NetName=VIN Pin=C7-1
Added Pin To Net: NetName=GND Pin=C7-2
Added Pin To Net: NetName=VIN Pin=C8-1
Added Pin To Net: NetName=GND Pin=C8-2
Added Pin To Net: NetName=VIN Pin=C9-1
Added Pin To Net: NetName=GND Pin=C9-2
Added Pin To Net: NetName=VIN Pin=C10-1
Added Pin To Net: NetName=GND Pin=C10-2
Added Pin To Net: NetName=VIN Pin=C11-1
Added Pin To Net: NetName=GND Pin=C11-2
Added Pin To Net: NetName=VIN Pin=C12-1
Added Pin To Net: NetName=GND Pin=C12-2
Added Pin To Net: NetName=VIN Pin=C13-1
Added Pin To Net: NetName=GND Pin=C13-2
Added Pin To Net: NetName=VIN Pin=C14-1
Added Pin To Net: NetName=GND Pin=C14-2
Added Pin To Net: NetName=VIN Pin=C15-1
Added Pin To Net: NetName=GND Pin=C15-2
Added Pin To Net: NetName=VIN Pin=C16-1
Added Pin To Net: NetName=GND Pin=C16-2
Added Pin To Net: NetName=VIN Pin=C17-1
Added Pin To Net: NetName=GND Pin=C17-2
Added Pin To Net: NetName=VIN Pin=C18-1
Added Pin To Net: NetName=GND Pin=C18-2
Added Pin To Net: NetName=VIN Pin=J1-1
Added Pin To Net: NetName=VIN Pin=J1-2
Added Pin To Net: NetName=VIN Pin=J1-3
Added Pin To Net: NetName=VIN Pin=J1-4
Added Pin To Net: NetName=VIN Pin=J1-5
Added Pin To Net: NetName=VIN Pin=J1-6
Added Pin To Net: NetName=VIN Pin=J1-7
Added Pin To Net: NetName=VIN Pin=J1-8
Added Pin To Net: NetName=VIN Pin=J1-9
Added Pin To Net: NetName=GND Pin=J2-1
Added Pin To Net: NetName=GND Pin=J2-2
Added Pin To Net: NetName=GND Pin=J2-3
Added Pin To Net: NetName=GND Pin=J2-4
Added Pin To Net: NetName=GND Pin=J2-5
Added Pin To Net: NetName=GND Pin=J2-6
Added Pin To Net: NetName=GND Pin=J2-7
Added Pin To Net: NetName=GND Pin=J2-8
Added Pin To Net: NetName=GND Pin=J2-9
Added Pin To Net: NetName=VIN Pin=J3-1
Added Pin To Net: NetName=VIN Pin=J3-2
Added Pin To Net: NetName=VIN Pin=J3-3
Added Pin To Net: NetName=VIN Pin=J3-4
Added Pin To Net: NetName=VIN Pin=J3-5
Added Pin To Net: NetName=VIN Pin=J3-6
Added Pin To Net: NetName=VIN Pin=J3-7
Added Pin To Net: NetName=VIN Pin=J3-8
Added Pin To Net: NetName=VIN Pin=J3-9
Added Pin To Net: NetName=VIN Pin=J4-1
Added Pin To Net: NetName=VIN Pin=J4-2
Added Pin To Net: NetName=VIN Pin=J4-3
Added Pin To Net: NetName=VIN Pin=J4-4
Added Pin To Net: NetName=VIN Pin=J4-5
Added Pin To Net: NetName=VIN Pin=J4-6
Added Pin To Net: NetName=VIN Pin=J4-7
Added Pin To Net: NetName=VIN Pin=J4-8
Added Pin To Net: NetName=VIN Pin=J4-9
Added Pin To Net: NetName=GND Pin=J5-1
Added Pin To Net: NetName=GND Pin=J5-2
Added Pin To Net: NetName=GND Pin=J5-3
Added Pin To Net: NetName=GND Pin=J5-4
Added Pin To Net: NetName=GND Pin=J5-5
Added Pin To Net: NetName=GND Pin=J5-6
Added Pin To Net: NetName=GND Pin=J5-7
Added Pin To Net: NetName=GND Pin=J5-8
Added Pin To Net: NetName=GND Pin=J5-9
Added Pin To Net: NetName=GND Pin=J6-1
Added Pin To Net: NetName=GND Pin=J6-2
Added Pin To Net: NetName=GND Pin=J6-3
Added Pin To Net: NetName=GND Pin=J6-4
Added Pin To Net: NetName=GND Pin=J6-5
Added Pin To Net: NetName=GND Pin=J6-6
Added Pin To Net: NetName=GND Pin=J6-7
Added Pin To Net: NetName=GND Pin=J6-8
Added Pin To Net: NetName=GND Pin=J6-9
Added Member To Class: ClassName=Busbar Member=Component C1 CAP_POL
Added Member To Class: ClassName=Busbar Member=Component C2 CAP_POL
Added Member To Class: ClassName=Busbar Member=Component C3 CAP_POL
Added Member To Class: ClassName=Busbar Member=Component C4 CAP_POL
Added Member To Class: ClassName=Busbar Member=Component C5 CAP_POL
Added Member To Class: ClassName=Busbar Member=Component C6 CAP_POL
Added Member To Class: ClassName=Busbar Member=Component C7 CAP_POL
Added Member To Class: ClassName=Busbar Member=Component C8 CAP_POL
Added Member To Class: ClassName=Busbar Member=Component C9 CAP_POL
Added Member To Class: ClassName=Busbar Member=Component C10 CAP_POL
Added Member To Class: ClassName=Busbar Member=Component C11 CAP_POL
Added Member To Class: ClassName=Busbar Member=Component C12 CAP_POL
Added Member To Class: ClassName=Busbar Member=Component C13 CAP_POL
Added Member To Class: ClassName=Busbar Member=Component C14 CAP_POL
Added Member To Class: ClassName=Busbar Member=Component C15 CAP_POL
Added Member To Class: ClassName=Busbar Member=Component C16 CAP_POL
Added Member To Class: ClassName=Busbar Member=Component C17 CAP_POL
Added Member To Class: ClassName=Busbar Member=Component C18 CAP_POL
Added Member To Class: ClassName=Busbar Member=Component J1 74651195R
Added Member To Class: ClassName=Busbar Member=Component J2 74651195R
Added Member To Class: ClassName=Busbar Member=Component J3 74651195R
Added Member To Class: ClassName=Busbar Member=Component J4 74651195R
Added Member To Class: ClassName=Busbar Member=Component J5 74651195R
Added Member To Class: ClassName=Busbar Member=Component J6 74651195R
