Removed Pin From Net: NetName=+3V3 Pin=J6-1
Change Component Designator: OldDesignator=C1 NewDesignator=C16
Change Component Designator: OldDesignator=C2 NewDesignator=C17
Change Component Designator: OldDesignator=C3 NewDesignator=C1
Change Component Designator: OldDesignator=C4 NewDesignator=C2
Change Component Designator: OldDesignator=C5 NewDesignator=C3
Change Component Designator: OldDesignator=C6 NewDesignator=C4
Change Component Designator: OldDesignator=C7 NewDesignator=C5
Change Component Designator: OldDesignator=C8 NewDesignator=C6
Change Component Designator: OldDesignator=C9 NewDesignator=C7
Change Component Designator: OldDesignator=C10 NewDesignator=C8
Change Component Designator: OldDesignator=C11 NewDesignator=C9
Change Component Designator: OldDesignator=C12 NewDesignator=C10
Change Component Designator: OldDesignator=C13 NewDesignator=C11
Change Component Designator: OldDesignator=C14 NewDesignator=C12
Change Component Designator: OldDesignator=C15 NewDesignator=C22
Change Component Designator: OldDesignator=C16 NewDesignator=C18
Change Component Designator: OldDesignator=C17 NewDesignator=C19
Change Component Designator: OldDesignator=C18 NewDesignator=C23
Change Component Designator: OldDesignator=C19 NewDesignator=C20
Change Component Designator: OldDesignator=C20 NewDesignator=C21
Change Component Designator: OldDesignator=C21 NewDesignator=C24
Change Component Designator: OldDesignator=C22 NewDesignator=C13
Change Component Designator: OldDesignator=C23 NewDesignator=C14
Change Component Designator: OldDesignator=C24 NewDesignator=C15
Change Component Designator: OldDesignator=J1 NewDesignator=J22
Change Component Designator: OldDesignator=J2 NewDesignator=J1
Change Component Designator: OldDesignator=J3 NewDesignator=J23
Change Component Designator: OldDesignator=J4 NewDesignator=J21
Change Component Designator: OldDesignator=J5 NewDesignator=J2
Change Component Designator: OldDesignator=J6 NewDesignator=J24
Change Component Designator: OldDesignator=J7 NewDesignator=J25
Change Component Designator: OldDesignator=J8 NewDesignator=J3
Change Component Designator: OldDesignator=J9 NewDesignator=J14
Change Component Designator: OldDesignator=J10 NewDesignator=J4
Change Component Designator: OldDesignator=J11 NewDesignator=J13
Change Component Designator: OldDesignator=J12 NewDesignator=J5
Change Component Designator: OldDesignator=J13 NewDesignator=J12
Change Component Designator: OldDesignator=J14 NewDesignator=J6
Change Component Designator: OldDesignator=J15 NewDesignator=J11
Change Component Designator: OldDesignator=J16 NewDesignator=J26
Change Component Designator: OldDesignator=J17 NewDesignator=J7
Change Component Designator: OldDesignator=J18 NewDesignator=J10
Change Component Designator: OldDesignator=J19 NewDesignator=J8
Change Component Designator: OldDesignator=J20 NewDesignator=J9
Change Component Designator: OldDesignator=J21 NewDesignator=J15
Change Component Designator: OldDesignator=J22 NewDesignator=J16
Change Component Designator: OldDesignator=J23 NewDesignator=J17
Change Component Designator: OldDesignator=J24 NewDesignator=J19
Change Component Designator: OldDesignator=J25 NewDesignator=J18
Change Component Designator: OldDesignator=J26 NewDesignator=J20
Change Component Designator: OldDesignator=R1 NewDesignator=R4
Change Component Designator: OldDesignator=R2 NewDesignator=R7
Change Component Designator: OldDesignator=R3 NewDesignator=R5
Change Component Designator: OldDesignator=R4 NewDesignator=R8
Change Component Designator: OldDesignator=R5 NewDesignator=R6
Change Component Designator: OldDesignator=R6 NewDesignator=R9
Change Component Designator: OldDesignator=R7 NewDesignator=R1
Change Component Designator: OldDesignator=R8 NewDesignator=R2
Change Component Designator: OldDesignator=R9 NewDesignator=R3
Change Component Designator: OldDesignator=U1 NewDesignator=U2
Change Component Designator: OldDesignator=U2 NewDesignator=U3
Change Component Designator: OldDesignator=U3 NewDesignator=U4
Change Component Designator: OldDesignator=U4 NewDesignator=U1
Added Pin To Net: NetName=+3V3 Pin=J21-1
Added Pin To Net: NetName=GND Pin=J21-5
Added Pin To Net: NetName=+3V3 Pin=J22-1
Added Pin To Net: NetName=GND Pin=J22-5
Added Pin To Net: NetName=+3V3 Pin=J23-1
Added Pin To Net: NetName=GND Pin=J23-5
Change Net Name : Old Net Name=NetR1_1 New Net Name=NetR4_1
Change Net Name : Old Net Name=NetR3_1 New Net Name=NetR5_1
Change Net Name : Old Net Name=NetR5_1 New Net Name=NetR6_1
Change Net Name : Old Net Name=NetR7_1 New Net Name=NetR1_1
Change Net Name : Old Net Name=NetR8_1 New Net Name=NetR2_1
Added Pin To Net: NetName=NTC1- Pin=J21-3
Added Pin To Net: NetName=NTC1- Pin=R7-2
Added Pin To Net: NetName=NTC1- Pin=U2-1
Added Net: Name=NTC1-
Added Pin To Net: NetName=NTC2- Pin=J22-3
Added Pin To Net: NetName=NTC2- Pin=R8-2
Added Pin To Net: NetName=NTC2- Pin=U3-1
Added Net: Name=NTC2-
Added Pin To Net: NetName=NTC3- Pin=J23-3
Added Pin To Net: NetName=NTC3- Pin=R9-2
Added Pin To Net: NetName=NTC3- Pin=U4-1
Added Net: Name=NTC3-
