Added Component: Designator=C34(C_THT_13X25X5)
Add component (AddParameter): Name = "ComponentLink1Description"; Value = "New link"; VariantName = "[No Variations]"
Add component (AddParameter): Name = "ComponentLink1URL"; Value = "https://www.mouser.com.tr/ProductDetail/KEMET/ESK107M160AL4AA?qs=gt1LBUVyoHn74e7F9%2F5Ihw%3D%3D"; VariantName = "[No Variations]"
Add component (AddParameter): Name = "Value"; Value = "100u"; VariantName = "[No Variations]"
Add component (AddParameter): Name = "Voltage"; Value = "160V"; VariantName = "[No Variations]"
Added Component: Designator=C35(C_THT_13X25X5)
Add component (AddParameter): Name = "ComponentLink1Description"; Value = "New link"; VariantName = "[No Variations]"
Add component (AddParameter): Name = "ComponentLink1URL"; Value = "https://www.mouser.com.tr/ProductDetail/KEMET/ESK107M160AL4AA?qs=gt1LBUVyoHn74e7F9%2F5Ihw%3D%3D"; VariantName = "[No Variations]"
Add component (AddParameter): Name = "Value"; Value = "100u"; VariantName = "[No Variations]"
Add component (AddParameter): Name = "Voltage"; Value = "160V"; VariantName = "[No Variations]"
Added Component: Designator=C36(C_THT_13X25X5)
Add component (AddParameter): Name = "ComponentLink1Description"; Value = "New link"; VariantName = "[No Variations]"
Add component (AddParameter): Name = "ComponentLink1URL"; Value = "https://www.mouser.com.tr/ProductDetail/KEMET/ESK107M160AL4AA?qs=gt1LBUVyoHn74e7F9%2F5Ihw%3D%3D"; VariantName = "[No Variations]"
Add component (AddParameter): Name = "Value"; Value = "100u"; VariantName = "[No Variations]"
Add component (AddParameter): Name = "Voltage"; Value = "160V"; VariantName = "[No Variations]"
Added Pin To Net: NetName=VIN Pin=C34-1
Added Pin To Net: NetName=GND Pin=C34-2
Added Pin To Net: NetName=VIN Pin=C35-1
Added Pin To Net: NetName=GND Pin=C35-2
Added Pin To Net: NetName=VIN Pin=C36-1
Added Pin To Net: NetName=GND Pin=C36-2
Added Member To Class: ClassName=Busbar Member=Component C34 ESK107M160AL4AA
Added Member To Class: ClassName=Busbar Member=Component C35 ESK107M160AL4AA
Added Member To Class: ClassName=Busbar Member=Component C36 ESK107M160AL4AA
